<?xml version="1.0" encoding="UTF-8"?>
<testng-results skipped="0" failed="0" ignored="0" total="1" passed="1">
  <reporter-output>
  </reporter-output>
  <suite name="Default suite" duration-ms="2353" started-at="2021-01-27T18:45:40Z" finished-at="2021-01-27T18:45:42Z">
    <groups>
    </groups>
    <test name="Default test" duration-ms="2353" started-at="2021-01-27T18:45:40Z" finished-at="2021-01-27T18:45:42Z">
      <class name="restApiTestes.Update_A_Product">
        <test-method status="PASS" signature="update_A_Product()[pri:0, instance:restApiTestes.Update_A_Product@161b062a]" name="update_A_Product" duration-ms="2336" started-at="2021-01-27T18:45:40Z" finished-at="2021-01-27T18:45:42Z">
          <reporter-output>
          </reporter-output>
        </test-method> <!-- update_A_Product -->
      </class> <!-- restApiTestes.Update_A_Product -->
    </test> <!-- Default test -->
  </suite> <!-- Default suite -->
</testng-results>
